<?xml version="1.0" encoding="utf-8"?>
<TestRun id="829c2fad-22c8-400a-85d0-e7ced538a841" name="v-txianyoong@DESKTOP-2GPMM7M 2026-06-13 09:05:34" runUser="REDMOND\v-txianyoong" xmlns="http://microsoft.com/schemas/VisualStudio/TeamTest/2010">
  <Times creation="2026-06-13T09:05:34.6082931+08:00" queuing="2026-06-13T09:05:34.6082935+08:00" start="2026-06-13T09:03:06.3645297+08:00" finish="2026-06-13T09:05:34.6145801+08:00" />
  <TestSettings name="default" id="c57b82a7-bf1d-4aaf-987b-c15f197cabed">
    <Deployment runDeploymentRoot="v-txianyoong_DESKTOP-2GPMM7M_2026-06-13_09_05_34" />
  </TestSettings>
  <Results>
    <UnitTestResult executionId="6e5476d0-a160-4e3a-bade-306a0e75f231" testId="4b600047-d8f9-a0a7-1018-6b37f5676f7a" testName="VisualStudioTests.Tests.BVT_Test.BuildSolutionTest" computerName="DESKTOP-2GPMM7M" duration="00:02:27.6044516" startTime="2026-06-13T09:05:34.4816530+08:00" endTime="2026-06-13T09:05:34.4816892+08:00" testType="13cdc9d9-ddb5-4fa4-a97d-d965ccfc6d4b" outcome="Failed" testListId="8c84fa94-04c1-424b-9868-57a2d4851a1d" relativeResultsDirectory="6e5476d0-a160-4e3a-bade-306a0e75f231">
      <Output>
        <ErrorInfo>
          <Message>OpenQA.Selenium.WebDriverException : An element command could not be completed because the element is not pointer- or keyboard interactable.</Message>
          <StackTrace>   at OpenQA.Selenium.Remote.RemoteWebDriver.UnpackAndThrowOnError(Response errorResponse)&#xD;
   at OpenQA.Selenium.Remote.RemoteWebDriver.Execute(String driverCommandToExecute, Dictionary`2 parameters)&#xD;
   at OpenQA.Selenium.Appium.AppiumDriver`1.Execute(String driverCommandToExecute, Dictionary`2 parameters)&#xD;
   at OpenQA.Selenium.Remote.RemoteWebDriver.InternalExecute(String driverCommandToExecute, Dictionary`2 parameters)&#xD;
   at OpenQA.Selenium.Remote.RemoteWebElement.Execute(String commandToExecute, Dictionary`2 parameters)&#xD;
   at OpenQA.Selenium.Remote.RemoteWebElement.Click()&#xD;
   at VisualStudioTests.Helpers.Helper.ClickXPath(String xpath) in C:\Users\v-txianyoong\VisualStudioTests\helper\Helper.cs:line 43&#xD;
   at VisualStudioTests.Helpers.Helper.RunWithoutDebugging() in C:\Users\v-txianyoong\VisualStudioTests\helper\Helper.cs:line 322&#xD;
   at VisualStudioTests.Tests.BVT_Test.&lt;BuildSolutionTest&gt;b__8_0() in C:\Users\v-txianyoong\VisualStudioTests\test\BVT_Test.cs:line 119&#xD;
   at System.Threading.ExecutionContext.RunFromThreadPoolDispatchLoop(Thread threadPoolThread, ExecutionContext executionContext, ContextCallback callback, Object state)&#xD;
--- End of stack trace from previous location ---&#xD;
   at System.Threading.ExecutionContext.RunFromThreadPoolDispatchLoop(Thread threadPoolThread, ExecutionContext executionContext, ContextCallback callback, Object state)&#xD;
   at System.Threading.Tasks.Task.ExecuteWithThreadLocal(Task&amp; currentTaskSlot, Thread threadPoolThread)&#xD;
--- End of stack trace from previous location ---&#xD;
   at VisualStudioTests.Tests.BVT_Test.BuildSolutionTest() in C:\Users\v-txianyoong\VisualStudioTests\test\BVT_Test.cs:line 85&#xD;
--- End of stack trace from previous location ---</StackTrace>
        </ErrorInfo>
      </Output>
    </UnitTestResult>
  </Results>
  <TestDefinitions>
    <UnitTest name="VisualStudioTests.Tests.BVT_Test.BuildSolutionTest" storage="c:\users\v-txianyoong\visualstudiotests\bin\debug\net8.0\visualstudiotests.dll" id="4b600047-d8f9-a0a7-1018-6b37f5676f7a">
      <Execution id="6e5476d0-a160-4e3a-bade-306a0e75f231" />
      <TestMethod codeBase="C:\Users\v-txianyoong\VisualStudioTests\bin\Debug\net8.0\VisualStudioTests.dll" adapterTypeName="executor://xunit/VsTestRunner2/netcoreapp" className="VisualStudioTests.Tests.BVT_Test" name="BuildSolutionTest" />
    </UnitTest>
  </TestDefinitions>
  <TestEntries>
    <TestEntry testId="4b600047-d8f9-a0a7-1018-6b37f5676f7a" executionId="6e5476d0-a160-4e3a-bade-306a0e75f231" testListId="8c84fa94-04c1-424b-9868-57a2d4851a1d" />
  </TestEntries>
  <TestLists>
    <TestList name="Results Not in a List" id="8c84fa94-04c1-424b-9868-57a2d4851a1d" />
    <TestList name="All Loaded Results" id="19431567-8539-422a-85d7-44ee4e166bda" />
  </TestLists>
  <ResultSummary outcome="Failed">
    <Counters total="1" executed="1" passed="0" failed="1" error="0" timeout="0" aborted="0" inconclusive="0" passedButRunAborted="0" notRunnable="0" notExecuted="0" disconnected="0" warning="0" completed="0" inProgress="0" pending="0" />
    <Output>
      <StdOut>[xUnit.net 00:00:00.00] xUnit.net VSTest Adapter v2.8.2+699d445a1a (64-bit .NET 8.0.28)&#xD;
[xUnit.net 00:00:00.05]   Discovering: VisualStudioTests&#xD;
[xUnit.net 00:00:00.07]   Discovered:  VisualStudioTests&#xD;
[xUnit.net 00:00:00.08]   Starting:    VisualStudioTests&#xD;
Attaching to IDE window: "ConsoleApp9 - Program.cs - Microsoft Visual Studio" (handle 329940).&#xD;
==== UI DUMP BuildSolutionTest ====&#xD;
&lt;?xml version="1.0" encoding="utf-16"?&gt;&lt;Window AcceleratorKey="" AccessKey="" AutomationId="WorkflowHostView" ClassName="Window" FrameworkId="WPF" HasKeyboardFocus="False" HelpText="" IsContentElement="False" IsControlElement="False" IsEnabled="True" IsKeyboardFocusable="False" IsOffscreen="True" IsPassword="False" IsRequiredForForm="False" ItemStatus="" ItemType="" LocalizedControlType="window" Name="" Orientation="None" ProcessId="26612" RuntimeId="42.787606" x="0" y="0" width="0" height="0" /&gt;&#xD;
[xUnit.net 00:02:27.75]       OpenQA.Selenium.WebDriverException : An element command could not be completed because the element is not pointer- or keyboard interactable.&#xD;
[xUnit.net 00:02:27.75]       Stack Trace:&#xD;
[xUnit.net 00:02:27.75]            at OpenQA.Selenium.Remote.RemoteWebDriver.UnpackAndThrowOnError(Response errorResponse)&#xD;
[xUnit.net 00:02:27.75]            at OpenQA.Selenium.Remote.RemoteWebDriver.Execute(String driverCommandToExecute, Dictionary`2 parameters)&#xD;
[xUnit.net 00:02:27.75]            at OpenQA.Selenium.Appium.AppiumDriver`1.Execute(String driverCommandToExecute, Dictionary`2 parameters)&#xD;
[xUnit.net 00:02:27.75]            at OpenQA.Selenium.Remote.RemoteWebDriver.InternalExecute(String driverCommandToExecute, Dictionary`2 parameters)&#xD;
[xUnit.net 00:02:27.75]            at OpenQA.Selenium.Remote.RemoteWebElement.Execute(String commandToExecute, Dictionary`2 parameters)&#xD;
[xUnit.net 00:02:27.76]            at OpenQA.Selenium.Remote.RemoteWebElement.Click()&#xD;
[xUnit.net 00:02:27.76]         C:\Users\v-txianyoong\VisualStudioTests\helper\Helper.cs(43,0): at VisualStudioTests.Helpers.Helper.ClickXPath(String xpath)&#xD;
[xUnit.net 00:02:27.76]         C:\Users\v-txianyoong\VisualStudioTests\helper\Helper.cs(322,0): at VisualStudioTests.Helpers.Helper.RunWithoutDebugging()&#xD;
[xUnit.net 00:02:27.76]         C:\Users\v-txianyoong\VisualStudioTests\test\BVT_Test.cs(119,0): at VisualStudioTests.Tests.BVT_Test.&lt;BuildSolutionTest&gt;b__8_0()&#xD;
[xUnit.net 00:02:27.76]            at System.Threading.ExecutionContext.RunFromThreadPoolDispatchLoop(Thread threadPoolThread, ExecutionContext executionContext, ContextCallback callback, Object state)&#xD;
[xUnit.net 00:02:27.76]         --- End of stack trace from previous location ---&#xD;
[xUnit.net 00:02:27.76]            at System.Threading.ExecutionContext.RunFromThreadPoolDispatchLoop(Thread threadPoolThread, ExecutionContext executionContext, ContextCallback callback, Object state)&#xD;
[xUnit.net 00:02:27.76]            at System.Threading.Tasks.Task.ExecuteWithThreadLocal(Task&amp; currentTaskSlot, Thread threadPoolThread)&#xD;
[xUnit.net 00:02:27.76]         --- End of stack trace from previous location ---&#xD;
[xUnit.net 00:02:27.76]         C:\Users\v-txianyoong\VisualStudioTests\test\BVT_Test.cs(85,0): at VisualStudioTests.Tests.BVT_Test.BuildSolutionTest()&#xD;
[xUnit.net 00:02:27.76]         --- End of stack trace from previous location ---&#xD;
[xUnit.net 00:02:27.76]   Finished:    VisualStudioTests&#xD;
</StdOut>
    </Output>
    <RunInfos>
      <RunInfo computerName="DESKTOP-2GPMM7M" outcome="Error" timestamp="2026-06-13T09:05:34.4752133+08:00">
        <Text>[xUnit.net 00:02:27.75]     VisualStudioTests.Tests.BVT_Test.BuildSolutionTest [FAIL]</Text>
      </RunInfo>
    </RunInfos>
  </ResultSummary>
</TestRun>